\BOOKMARK [0][-]{chapter.1}{\376\377\0001\000\040\000H\000i\000e\000r\000a\000r\000c\000h\000i\000c\000a\000l\000\040\000I\000n\000d\000e\000x}{}% 1
\BOOKMARK [1][-]{section.1.1}{\376\377\0001\000.\0001\000\040\000C\000l\000a\000s\000s\000\040\000H\000i\000e\000r\000a\000r\000c\000h\000y}{chapter.1}% 2
\BOOKMARK [0][-]{chapter.2}{\376\377\0002\000\040\000C\000l\000a\000s\000s\000\040\000I\000n\000d\000e\000x}{}% 3
\BOOKMARK [1][-]{section.2.1}{\376\377\0002\000.\0001\000\040\000C\000l\000a\000s\000s\000\040\000L\000i\000s\000t}{chapter.2}% 4
\BOOKMARK [0][-]{chapter.3}{\376\377\0003\000\040\000F\000i\000l\000e\000\040\000I\000n\000d\000e\000x}{}% 5
\BOOKMARK [1][-]{section.3.1}{\376\377\0003\000.\0001\000\040\000F\000i\000l\000e\000\040\000L\000i\000s\000t}{chapter.3}% 6
\BOOKMARK [0][-]{chapter.4}{\376\377\0004\000\040\000C\000l\000a\000s\000s\000\040\000D\000o\000c\000u\000m\000e\000n\000t\000a\000t\000i\000o\000n}{}% 7
\BOOKMARK [1][-]{section.4.1}{\376\377\0004\000.\0001\000\040\000C\000o\000m\000m\000a\000n\000d\000T\000y\000p\000e\000\040\000C\000l\000a\000s\000s\000\040\000R\000e\000f\000e\000r\000e\000n\000c\000e}{chapter.4}% 8
\BOOKMARK [2][-]{subsection.4.1.1}{\376\377\0004\000.\0001\000.\0001\000\040\000D\000e\000t\000a\000i\000l\000e\000d\000\040\000D\000e\000s\000c\000r\000i\000p\000t\000i\000o\000n}{section.4.1}% 9
\BOOKMARK [1][-]{section.4.2}{\376\377\0004\000.\0002\000\040\000C\000o\000n\000t\000r\000o\000l\000l\000e\000r\000S\000t\000a\000t\000e\000\040\000C\000l\000a\000s\000s\000\040\000R\000e\000f\000e\000r\000e\000n\000c\000e}{chapter.4}% 10
\BOOKMARK [2][-]{subsection.4.2.1}{\376\377\0004\000.\0002\000.\0001\000\040\000D\000e\000t\000a\000i\000l\000e\000d\000\040\000D\000e\000s\000c\000r\000i\000p\000t\000i\000o\000n}{section.4.2}% 11
\BOOKMARK [2][-]{subsection.4.2.2}{\376\377\0004\000.\0002\000.\0002\000\040\000M\000e\000m\000b\000e\000r\000\040\000F\000u\000n\000c\000t\000i\000o\000n\000\040\000D\000o\000c\000u\000m\000e\000n\000t\000a\000t\000i\000o\000n}{section.4.2}% 12
\BOOKMARK [3][-]{subsubsection.4.2.2.1}{\376\377\0004\000.\0002\000.\0002\000.\0001\000\040\000e\000n\000t\000e\000r\000\050\000\051}{subsection.4.2.2}% 13
\BOOKMARK [3][-]{subsubsection.4.2.2.2}{\376\377\0004\000.\0002\000.\0002\000.\0002\000\040\000l\000e\000a\000v\000e\000\050\000\051}{subsection.4.2.2}% 14
\BOOKMARK [3][-]{subsubsection.4.2.2.3}{\376\377\0004\000.\0002\000.\0002\000.\0003\000\040\000s\000e\000t\000C\000o\000n\000t\000r\000o\000l\000l\000e\000r\000\050\000\051}{subsection.4.2.2}% 15
\BOOKMARK [3][-]{subsubsection.4.2.2.4}{\376\377\0004\000.\0002\000.\0002\000.\0004\000\040\000u\000p\000d\000a\000t\000e\000\050\000\051}{subsection.4.2.2}% 16
\BOOKMARK [1][-]{section.4.3}{\376\377\0004\000.\0003\000\040\000C\000u\000r\000r\000e\000n\000t\000S\000e\000n\000s\000e\000\040\000C\000l\000a\000s\000s\000\040\000R\000e\000f\000e\000r\000e\000n\000c\000e}{chapter.4}% 17
\BOOKMARK [2][-]{subsection.4.3.1}{\376\377\0004\000.\0003\000.\0001\000\040\000D\000e\000t\000a\000i\000l\000e\000d\000\040\000D\000e\000s\000c\000r\000i\000p\000t\000i\000o\000n}{section.4.3}% 18
\BOOKMARK [2][-]{subsection.4.3.2}{\376\377\0004\000.\0003\000.\0002\000\040\000M\000e\000m\000b\000e\000r\000\040\000F\000u\000n\000c\000t\000i\000o\000n\000\040\000D\000o\000c\000u\000m\000e\000n\000t\000a\000t\000i\000o\000n}{section.4.3}% 19
\BOOKMARK [3][-]{subsubsection.4.3.2.1}{\376\377\0004\000.\0003\000.\0002\000.\0001\000\040\000g\000e\000t\000C\000u\000r\000r\000e\000n\000t\000\050\000\051}{subsection.4.3.2}% 20
\BOOKMARK [3][-]{subsubsection.4.3.2.2}{\376\377\0004\000.\0003\000.\0002\000.\0002\000\040\000i\000n\000i\000t\000i\000a\000l\000i\000z\000e\000\050\000\051}{subsection.4.3.2}% 21
\BOOKMARK [1][-]{section.4.4}{\376\377\0004\000.\0004\000\040\000D\000i\000r\000e\000c\000t\000i\000o\000n\000\040\000C\000l\000a\000s\000s\000\040\000R\000e\000f\000e\000r\000e\000n\000c\000e}{chapter.4}% 22
\BOOKMARK [2][-]{subsection.4.4.1}{\376\377\0004\000.\0004\000.\0001\000\040\000D\000e\000t\000a\000i\000l\000e\000d\000\040\000D\000e\000s\000c\000r\000i\000p\000t\000i\000o\000n}{section.4.4}% 23
\BOOKMARK [1][-]{section.4.5}{\376\377\0004\000.\0005\000\040\000E\000M\000A\000<\000\040\000K\000,\000\040\000u\000i\000n\000t\000\137\000t\000\040\000>\000\040\000C\000l\000a\000s\000s\000\040\000T\000e\000m\000p\000l\000a\000t\000e\000\040\000R\000e\000f\000e\000r\000e\000n\000c\000e}{chapter.4}% 24
\BOOKMARK [2][-]{subsection.4.5.1}{\376\377\0004\000.\0005\000.\0001\000\040\000D\000e\000t\000a\000i\000l\000e\000d\000\040\000D\000e\000s\000c\000r\000i\000p\000t\000i\000o\000n}{section.4.5}% 25
\BOOKMARK [1][-]{section.4.6}{\376\377\0004\000.\0006\000\040\000M\000o\000t\000o\000r\000\040\000C\000l\000a\000s\000s\000\040\000R\000e\000f\000e\000r\000e\000n\000c\000e}{chapter.4}% 26
\BOOKMARK [2][-]{subsection.4.6.1}{\376\377\0004\000.\0006\000.\0001\000\040\000D\000e\000t\000a\000i\000l\000e\000d\000\040\000D\000e\000s\000c\000r\000i\000p\000t\000i\000o\000n}{section.4.6}% 27
\BOOKMARK [2][-]{subsection.4.6.2}{\376\377\0004\000.\0006\000.\0002\000\040\000C\000o\000n\000s\000t\000r\000u\000c\000t\000o\000r\000\040\000\046\000\040\000D\000e\000s\000t\000r\000u\000c\000t\000o\000r\000\040\000D\000o\000c\000u\000m\000e\000n\000t\000a\000t\000i\000o\000n}{section.4.6}% 28
\BOOKMARK [3][-]{subsubsection.4.6.2.1}{\376\377\0004\000.\0006\000.\0002\000.\0001\000\040\000M\000o\000t\000o\000r\000\050\000\051}{subsection.4.6.2}% 29
\BOOKMARK [2][-]{subsection.4.6.3}{\376\377\0004\000.\0006\000.\0003\000\040\000M\000e\000m\000b\000e\000r\000\040\000F\000u\000n\000c\000t\000i\000o\000n\000\040\000D\000o\000c\000u\000m\000e\000n\000t\000a\000t\000i\000o\000n}{section.4.6}% 30
\BOOKMARK [3][-]{subsubsection.4.6.3.1}{\376\377\0004\000.\0006\000.\0003\000.\0001\000\040\000d\000i\000s\000p\000l\000a\000y\000I\000n\000f\000o\000\050\000\051}{subsection.4.6.3}% 31
\BOOKMARK [3][-]{subsubsection.4.6.3.2}{\376\377\0004\000.\0006\000.\0003\000.\0002\000\040\000d\000r\000i\000v\000e\000\050\000\051}{subsection.4.6.3}% 32
\BOOKMARK [3][-]{subsubsection.4.6.3.3}{\376\377\0004\000.\0006\000.\0003\000.\0003\000\040\000g\000e\000t\000C\000u\000r\000r\000e\000n\000t\000\050\000\051}{subsection.4.6.3}% 33
\BOOKMARK [3][-]{subsubsection.4.6.3.4}{\376\377\0004\000.\0006\000.\0003\000.\0004\000\040\000g\000e\000t\000N\000o\000r\000m\000a\000l\000i\000z\000e\000d\000P\000o\000s\000\050\000\051}{subsection.4.6.3}% 34
\BOOKMARK [3][-]{subsubsection.4.6.3.5}{\376\377\0004\000.\0006\000.\0003\000.\0005\000\040\000h\000i\000t\000B\000o\000t\000t\000o\000m\000\050\000\051}{subsection.4.6.3}% 35
\BOOKMARK [3][-]{subsubsection.4.6.3.6}{\376\377\0004\000.\0006\000.\0003\000.\0006\000\040\000i\000s\000S\000t\000o\000p\000p\000e\000d\000\050\000\051}{subsection.4.6.3}% 36
\BOOKMARK [3][-]{subsubsection.4.6.3.7}{\376\377\0004\000.\0006\000.\0003\000.\0007\000\040\000s\000e\000t\000S\000p\000e\000e\000d\000\050\000\051}{subsection.4.6.3}% 37
\BOOKMARK [3][-]{subsubsection.4.6.3.8}{\376\377\0004\000.\0006\000.\0003\000.\0008\000\040\000t\000o\000p\000R\000e\000a\000c\000h\000e\000d\000\050\000\051}{subsection.4.6.3}% 38
\BOOKMARK [3][-]{subsubsection.4.6.3.9}{\376\377\0004\000.\0006\000.\0003\000.\0009\000\040\000u\000p\000d\000a\000t\000e\000\050\000\051}{subsection.4.6.3}% 39
\BOOKMARK [2][-]{subsection.4.6.4}{\376\377\0004\000.\0006\000.\0004\000\040\000M\000e\000m\000b\000e\000r\000\040\000D\000a\000t\000a\000\040\000D\000o\000c\000u\000m\000e\000n\000t\000a\000t\000i\000o\000n}{section.4.6}% 40
\BOOKMARK [3][-]{subsubsection.4.6.4.1}{\376\377\0004\000.\0006\000.\0004\000.\0001\000\040\000h\000o\000m\000i\000n\000g}{subsection.4.6.4}% 41
\BOOKMARK [3][-]{subsubsection.4.6.4.2}{\376\377\0004\000.\0006\000.\0004\000.\0002\000\040\000l\000a\000s\000t\000P\000o\000s}{subsection.4.6.4}% 42
\BOOKMARK [3][-]{subsubsection.4.6.4.3}{\376\377\0004\000.\0006\000.\0004\000.\0003\000\040\000p\000o\000s}{subsection.4.6.4}% 43
\BOOKMARK [3][-]{subsubsection.4.6.4.4}{\376\377\0004\000.\0006\000.\0004\000.\0004\000\040\000s\000p\000e\000e\000d}{subsection.4.6.4}% 44
\BOOKMARK [3][-]{subsubsection.4.6.4.5}{\376\377\0004\000.\0006\000.\0004\000.\0005\000\040\000t\000o\000t\000a\000l\000P\000u\000l\000s\000e\000C\000o\000u\000n\000t}{subsection.4.6.4}% 45
\BOOKMARK [1][-]{section.4.7}{\376\377\0004\000.\0007\000\040\000M\000o\000t\000o\000r\000C\000o\000n\000t\000r\000o\000l\000l\000e\000r\000\040\000C\000l\000a\000s\000s\000\040\000R\000e\000f\000e\000r\000e\000n\000c\000e}{chapter.4}% 46
\BOOKMARK [2][-]{subsection.4.7.1}{\376\377\0004\000.\0007\000.\0001\000\040\000D\000e\000t\000a\000i\000l\000e\000d\000\040\000D\000e\000s\000c\000r\000i\000p\000t\000i\000o\000n}{section.4.7}% 47
\BOOKMARK [2][-]{subsection.4.7.2}{\376\377\0004\000.\0007\000.\0002\000\040\000C\000o\000n\000s\000t\000r\000u\000c\000t\000o\000r\000\040\000\046\000\040\000D\000e\000s\000t\000r\000u\000c\000t\000o\000r\000\040\000D\000o\000c\000u\000m\000e\000n\000t\000a\000t\000i\000o\000n}{section.4.7}% 48
\BOOKMARK [3][-]{subsubsection.4.7.2.1}{\376\377\0004\000.\0007\000.\0002\000.\0001\000\040\000M\000o\000t\000o\000r\000C\000o\000n\000t\000r\000o\000l\000l\000e\000r\000\050\000\051}{subsection.4.7.2}% 49
\BOOKMARK [2][-]{subsection.4.7.3}{\376\377\0004\000.\0007\000.\0003\000\040\000M\000e\000m\000b\000e\000r\000\040\000F\000u\000n\000c\000t\000i\000o\000n\000\040\000D\000o\000c\000u\000m\000e\000n\000t\000a\000t\000i\000o\000n}{section.4.7}% 50
\BOOKMARK [3][-]{subsubsection.4.7.3.1}{\376\377\0004\000.\0007\000.\0003\000.\0001\000\040\000c\000u\000r\000r\000e\000n\000t\000A\000l\000a\000r\000m\000T\000r\000i\000g\000g\000e\000r\000e\000d\000\050\000\051}{subsection.4.7.3}% 51
\BOOKMARK [3][-]{subsubsection.4.7.3.2}{\376\377\0004\000.\0007\000.\0003\000.\0002\000\040\000d\000i\000s\000a\000b\000l\000e\000M\000o\000t\000o\000r\000s\000\050\000\051}{subsection.4.7.3}% 52
\BOOKMARK [3][-]{subsubsection.4.7.3.3}{\376\377\0004\000.\0007\000.\0003\000.\0003\000\040\000d\000i\000s\000p\000l\000a\000y\000C\000u\000r\000r\000e\000n\000t\000s\000\050\000\051}{subsection.4.7.3}% 53
\BOOKMARK [3][-]{subsubsection.4.7.3.4}{\376\377\0004\000.\0007\000.\0003\000.\0004\000\040\000e\000x\000t\000e\000n\000d\000\050\000\051}{subsection.4.7.3}% 54
\BOOKMARK [3][-]{subsubsection.4.7.3.5}{\376\377\0004\000.\0007\000.\0003\000.\0005\000\040\000h\000o\000m\000e\000\050\000\051}{subsection.4.7.3}% 55
\BOOKMARK [3][-]{subsubsection.4.7.3.6}{\376\377\0004\000.\0007\000.\0003\000.\0006\000\040\000i\000m\000m\000e\000d\000i\000a\000t\000e\000H\000a\000l\000t\000\050\000\051}{subsection.4.7.3}% 56
\BOOKMARK [3][-]{subsubsection.4.7.3.7}{\376\377\0004\000.\0007\000.\0003\000.\0007\000\040\000i\000n\000i\000t\000i\000a\000l\000i\000z\000e\000\050\000\051}{subsection.4.7.3}% 57
\BOOKMARK [3][-]{subsubsection.4.7.3.8}{\376\377\0004\000.\0007\000.\0003\000.\0008\000\040\000i\000s\000S\000t\000o\000p\000p\000e\000d\000\050\000\051}{subsection.4.7.3}% 58
\BOOKMARK [3][-]{subsubsection.4.7.3.9}{\376\377\0004\000.\0007\000.\0003\000.\0009\000\040\000m\000o\000t\000o\000r\000s\000C\000l\000o\000s\000e\000T\000o\000E\000n\000d\000O\000f\000R\000a\000n\000g\000e\000\050\000\051}{subsection.4.7.3}% 59
\BOOKMARK [3][-]{subsubsection.4.7.3.10}{\376\377\0004\000.\0007\000.\0003\000.\0001\0000\000\040\000m\000o\000t\000o\000r\000s\000D\000e\000s\000y\000n\000c\000e\000d\000\050\000\051}{subsection.4.7.3}% 60
\BOOKMARK [3][-]{subsubsection.4.7.3.11}{\376\377\0004\000.\0007\000.\0003\000.\0001\0001\000\040\000m\000o\000t\000o\000r\000s\000S\000t\000o\000p\000p\000e\000d\000\050\000\051}{subsection.4.7.3}% 61
\BOOKMARK [3][-]{subsubsection.4.7.3.12}{\376\377\0004\000.\0007\000.\0003\000.\0001\0002\000\040\000p\000r\000i\000n\000t\000C\000u\000r\000r\000e\000n\000t\000\050\000\051}{subsection.4.7.3}% 62
\BOOKMARK [3][-]{subsubsection.4.7.3.13}{\376\377\0004\000.\0007\000.\0003\000.\0001\0003\000\040\000r\000e\000p\000o\000r\000t\000\050\000\051}{subsection.4.7.3}% 63
\BOOKMARK [3][-]{subsubsection.4.7.3.14}{\376\377\0004\000.\0007\000.\0003\000.\0001\0004\000\040\000r\000e\000s\000e\000t\000C\000u\000r\000r\000e\000n\000t\000I\000n\000f\000o\000r\000m\000a\000t\000i\000o\000n\000\050\000\051}{subsection.4.7.3}% 64
\BOOKMARK [3][-]{subsubsection.4.7.3.15}{\376\377\0004\000.\0007\000.\0003\000.\0001\0005\000\040\000r\000e\000s\000e\000t\000M\000o\000t\000o\000r\000C\000u\000r\000r\000e\000n\000t\000A\000l\000a\000r\000m\000s\000\050\000\051}{subsection.4.7.3}% 65
\BOOKMARK [3][-]{subsubsection.4.7.3.16}{\376\377\0004\000.\0007\000.\0003\000.\0001\0006\000\040\000r\000e\000s\000e\000t\000P\000i\000d\000\050\000\051}{subsection.4.7.3}% 66
\BOOKMARK [3][-]{subsubsection.4.7.3.17}{\376\377\0004\000.\0007\000.\0003\000.\0001\0007\000\040\000r\000e\000s\000e\000t\000S\000o\000f\000t\000M\000o\000v\000e\000m\000e\000n\000t\000\050\000\051}{subsection.4.7.3}% 67
\BOOKMARK [3][-]{subsubsection.4.7.3.18}{\376\377\0004\000.\0007\000.\0003\000.\0001\0008\000\040\000r\000e\000t\000r\000a\000c\000t\000\050\000\051}{subsection.4.7.3}% 68
\BOOKMARK [3][-]{subsubsection.4.7.3.19}{\376\377\0004\000.\0007\000.\0003\000.\0001\0009\000\040\000s\000a\000m\000p\000l\000e\000C\000u\000r\000r\000e\000n\000t\000s\000\050\000\051}{subsection.4.7.3}% 69
\BOOKMARK [3][-]{subsubsection.4.7.3.20}{\376\377\0004\000.\0007\000.\0003\000.\0002\0000\000\040\000s\000a\000v\000e\000P\000o\000s\000i\000t\000i\000o\000n\000\050\000\051}{subsection.4.7.3}% 70
\BOOKMARK [3][-]{subsubsection.4.7.3.21}{\376\377\0004\000.\0007\000.\0003\000.\0002\0001\000\040\000s\000e\000t\000C\000u\000r\000r\000e\000n\000t\000L\000i\000m\000i\000t\000\050\000\051}{subsection.4.7.3}% 71
\BOOKMARK [3][-]{subsubsection.4.7.3.22}{\376\377\0004\000.\0007\000.\0003\000.\0002\0002\000\040\000s\000e\000t\000P\000o\000s\000\050\000\051}{subsection.4.7.3}% 72
\BOOKMARK [3][-]{subsubsection.4.7.3.23}{\376\377\0004\000.\0007\000.\0003\000.\0002\0003\000\040\000s\000e\000t\000S\000p\000e\000e\000d\000\050\000\051}{subsection.4.7.3}% 73
\BOOKMARK [3][-]{subsubsection.4.7.3.24}{\376\377\0004\000.\0007\000.\0003\000.\0002\0004\000\040\000s\000t\000a\000r\000t\000M\000o\000t\000i\000o\000n\000\050\000\051}{subsection.4.7.3}% 74
\BOOKMARK [3][-]{subsubsection.4.7.3.25}{\376\377\0004\000.\0007\000.\0003\000.\0002\0005\000\040\000s\000t\000o\000p\000\050\000\051}{subsection.4.7.3}% 75
\BOOKMARK [3][-]{subsubsection.4.7.3.26}{\376\377\0004\000.\0007\000.\0003\000.\0002\0006\000\040\000u\000p\000d\000a\000t\000e\000\050\000\051}{subsection.4.7.3}% 76
\BOOKMARK [3][-]{subsubsection.4.7.3.27}{\376\377\0004\000.\0007\000.\0003\000.\0002\0007\000\040\000u\000p\000d\000a\000t\000e\000C\000u\000r\000r\000e\000n\000t\000R\000e\000a\000d\000i\000n\000g\000s\000\050\000\051}{subsection.4.7.3}% 77
\BOOKMARK [3][-]{subsubsection.4.7.3.28}{\376\377\0004\000.\0007\000.\0003\000.\0002\0008\000\040\000u\000p\000d\000a\000t\000e\000L\000e\000a\000d\000i\000n\000g\000A\000n\000d\000L\000a\000g\000g\000i\000n\000g\000I\000n\000d\000i\000c\000i\000e\000s\000\050\000\051}{subsection.4.7.3}% 78
\BOOKMARK [3][-]{subsubsection.4.7.3.29}{\376\377\0004\000.\0007\000.\0003\000.\0002\0009\000\040\000u\000p\000d\000a\000t\000e\000M\000o\000t\000o\000r\000s\000\050\000\051}{subsection.4.7.3}% 79
\BOOKMARK [3][-]{subsubsection.4.7.3.30}{\376\377\0004\000.\0007\000.\0003\000.\0003\0000\000\040\000u\000p\000d\000a\000t\000e\000S\000o\000f\000t\000M\000o\000v\000e\000m\000e\000n\000t\000\050\000\051}{subsection.4.7.3}% 80
\BOOKMARK [3][-]{subsubsection.4.7.3.31}{\376\377\0004\000.\0007\000.\0003\000.\0003\0001\000\040\000z\000e\000r\000o\000\050\000\051}{subsection.4.7.3}% 81
\BOOKMARK [1][-]{section.4.8}{\376\377\0004\000.\0008\000\040\000M\000o\000t\000o\000r\000P\000i\000n\000s\000\040\000C\000l\000a\000s\000s\000\040\000R\000e\000f\000e\000r\000e\000n\000c\000e}{chapter.4}% 82
\BOOKMARK [2][-]{subsection.4.8.1}{\376\377\0004\000.\0008\000.\0001\000\040\000D\000e\000t\000a\000i\000l\000e\000d\000\040\000D\000e\000s\000c\000r\000i\000p\000t\000i\000o\000n}{section.4.8}% 83
\BOOKMARK [1][-]{section.4.9}{\376\377\0004\000.\0009\000\040\000M\000o\000t\000o\000r\000s\000S\000o\000f\000t\000M\000o\000v\000e\000m\000e\000n\000t\000S\000t\000a\000t\000e\000\040\000C\000l\000a\000s\000s\000\040\000R\000e\000f\000e\000r\000e\000n\000c\000e}{chapter.4}% 84
\BOOKMARK [2][-]{subsection.4.9.1}{\376\377\0004\000.\0009\000.\0001\000\040\000D\000e\000t\000a\000i\000l\000e\000d\000\040\000D\000e\000s\000c\000r\000i\000p\000t\000i\000o\000n}{section.4.9}% 85
\BOOKMARK [2][-]{subsection.4.9.2}{\376\377\0004\000.\0009\000.\0002\000\040\000M\000e\000m\000b\000e\000r\000\040\000F\000u\000n\000c\000t\000i\000o\000n\000\040\000D\000o\000c\000u\000m\000e\000n\000t\000a\000t\000i\000o\000n}{section.4.9}% 86
\BOOKMARK [3][-]{subsubsection.4.9.2.1}{\376\377\0004\000.\0009\000.\0002\000.\0001\000\040\000e\000n\000t\000e\000r\000\050\000\051}{subsection.4.9.2}% 87
\BOOKMARK [3][-]{subsubsection.4.9.2.2}{\376\377\0004\000.\0009\000.\0002\000.\0002\000\040\000l\000e\000a\000v\000e\000\050\000\051}{subsection.4.9.2}% 88
\BOOKMARK [3][-]{subsubsection.4.9.2.3}{\376\377\0004\000.\0009\000.\0002\000.\0003\000\040\000u\000p\000d\000a\000t\000e\000\050\000\051}{subsection.4.9.2}% 89
\BOOKMARK [1][-]{section.4.10}{\376\377\0004\000.\0001\0000\000\040\000M\000o\000t\000o\000r\000s\000S\000t\000a\000r\000t\000i\000n\000g\000S\000t\000a\000t\000e\000\040\000C\000l\000a\000s\000s\000\040\000R\000e\000f\000e\000r\000e\000n\000c\000e}{chapter.4}% 90
\BOOKMARK [2][-]{subsection.4.10.1}{\376\377\0004\000.\0001\0000\000.\0001\000\040\000D\000e\000t\000a\000i\000l\000e\000d\000\040\000D\000e\000s\000c\000r\000i\000p\000t\000i\000o\000n}{section.4.10}% 91
\BOOKMARK [2][-]{subsection.4.10.2}{\376\377\0004\000.\0001\0000\000.\0002\000\040\000M\000e\000m\000b\000e\000r\000\040\000F\000u\000n\000c\000t\000i\000o\000n\000\040\000D\000o\000c\000u\000m\000e\000n\000t\000a\000t\000i\000o\000n}{section.4.10}% 92
\BOOKMARK [3][-]{subsubsection.4.10.2.1}{\376\377\0004\000.\0001\0000\000.\0002\000.\0001\000\040\000e\000n\000t\000e\000r\000\050\000\051}{subsection.4.10.2}% 93
\BOOKMARK [3][-]{subsubsection.4.10.2.2}{\376\377\0004\000.\0001\0000\000.\0002\000.\0002\000\040\000l\000e\000a\000v\000e\000\050\000\051}{subsection.4.10.2}% 94
\BOOKMARK [3][-]{subsubsection.4.10.2.3}{\376\377\0004\000.\0001\0000\000.\0002\000.\0003\000\040\000u\000p\000d\000a\000t\000e\000\050\000\051}{subsection.4.10.2}% 95
\BOOKMARK [1][-]{section.4.11}{\376\377\0004\000.\0001\0001\000\040\000M\000o\000t\000o\000r\000s\000S\000t\000o\000p\000p\000e\000d\000S\000t\000a\000t\000e\000\040\000C\000l\000a\000s\000s\000\040\000R\000e\000f\000e\000r\000e\000n\000c\000e}{chapter.4}% 96
\BOOKMARK [2][-]{subsection.4.11.1}{\376\377\0004\000.\0001\0001\000.\0001\000\040\000D\000e\000t\000a\000i\000l\000e\000d\000\040\000D\000e\000s\000c\000r\000i\000p\000t\000i\000o\000n}{section.4.11}% 97
\BOOKMARK [2][-]{subsection.4.11.2}{\376\377\0004\000.\0001\0001\000.\0002\000\040\000M\000e\000m\000b\000e\000r\000\040\000F\000u\000n\000c\000t\000i\000o\000n\000\040\000D\000o\000c\000u\000m\000e\000n\000t\000a\000t\000i\000o\000n}{section.4.11}% 98
\BOOKMARK [3][-]{subsubsection.4.11.2.1}{\376\377\0004\000.\0001\0001\000.\0002\000.\0001\000\040\000e\000n\000t\000e\000r\000\050\000\051}{subsection.4.11.2}% 99
\BOOKMARK [3][-]{subsubsection.4.11.2.2}{\376\377\0004\000.\0001\0001\000.\0002\000.\0002\000\040\000l\000e\000a\000v\000e\000\050\000\051}{subsection.4.11.2}% 100
\BOOKMARK [3][-]{subsubsection.4.11.2.3}{\376\377\0004\000.\0001\0001\000.\0002\000.\0003\000\040\000u\000p\000d\000a\000t\000e\000\050\000\051}{subsection.4.11.2}% 101
\BOOKMARK [1][-]{section.4.12}{\376\377\0004\000.\0001\0002\000\040\000P\000I\000D\000C\000o\000n\000t\000r\000o\000l\000l\000e\000r\000\040\000C\000l\000a\000s\000s\000\040\000R\000e\000f\000e\000r\000e\000n\000c\000e}{chapter.4}% 102
\BOOKMARK [2][-]{subsection.4.12.1}{\376\377\0004\000.\0001\0002\000.\0001\000\040\000D\000e\000t\000a\000i\000l\000e\000d\000\040\000D\000e\000s\000c\000r\000i\000p\000t\000i\000o\000n}{section.4.12}% 103
\BOOKMARK [2][-]{subsection.4.12.2}{\376\377\0004\000.\0001\0002\000.\0002\000\040\000C\000o\000n\000s\000t\000r\000u\000c\000t\000o\000r\000\040\000\046\000\040\000D\000e\000s\000t\000r\000u\000c\000t\000o\000r\000\040\000D\000o\000c\000u\000m\000e\000n\000t\000a\000t\000i\000o\000n}{section.4.12}% 104
\BOOKMARK [3][-]{subsubsection.4.12.2.1}{\376\377\0004\000.\0001\0002\000.\0002\000.\0001\000\040\000P\000I\000D\000C\000o\000n\000t\000r\000o\000l\000l\000e\000r\000\050\000\051}{subsection.4.12.2}% 105
\BOOKMARK [2][-]{subsection.4.12.3}{\376\377\0004\000.\0001\0002\000.\0003\000\040\000M\000e\000m\000b\000e\000r\000\040\000F\000u\000n\000c\000t\000i\000o\000n\000\040\000D\000o\000c\000u\000m\000e\000n\000t\000a\000t\000i\000o\000n}{section.4.12}% 106
\BOOKMARK [3][-]{subsubsection.4.12.3.1}{\376\377\0004\000.\0001\0002\000.\0003\000.\0001\000\040\000a\000d\000j\000u\000s\000t\000S\000p\000e\000e\000d\000\050\000\051}{subsection.4.12.3}% 107
\BOOKMARK [3][-]{subsubsection.4.12.3.2}{\376\377\0004\000.\0001\0002\000.\0003\000.\0002\000\040\000r\000e\000p\000o\000r\000t\000\050\000\051}{subsection.4.12.3}% 108
\BOOKMARK [3][-]{subsubsection.4.12.3.3}{\376\377\0004\000.\0001\0002\000.\0003\000.\0003\000\040\000r\000e\000s\000e\000t\000\050\000\051}{subsection.4.12.3}% 109
\BOOKMARK [3][-]{subsubsection.4.12.3.4}{\376\377\0004\000.\0001\0002\000.\0003\000.\0004\000\040\000s\000e\000t\000P\000a\000r\000a\000m\000s\000\050\000\051}{subsection.4.12.3}% 110
\BOOKMARK [1][-]{section.4.13}{\376\377\0004\000.\0001\0003\000\040\000S\000t\000a\000t\000e\000C\000o\000n\000t\000r\000o\000l\000l\000e\000r\000\040\000C\000l\000a\000s\000s\000\040\000R\000e\000f\000e\000r\000e\000n\000c\000e}{chapter.4}% 111
\BOOKMARK [2][-]{subsection.4.13.1}{\376\377\0004\000.\0001\0003\000.\0001\000\040\000M\000e\000m\000b\000e\000r\000\040\000F\000u\000n\000c\000t\000i\000o\000n\000\040\000D\000o\000c\000u\000m\000e\000n\000t\000a\000t\000i\000o\000n}{section.4.13}% 112
\BOOKMARK [3][-]{subsubsection.4.13.1.1}{\376\377\0004\000.\0001\0003\000.\0001\000.\0001\000\040\000s\000e\000t\000C\000o\000n\000t\000r\000o\000l\000l\000e\000r\000\050\000\051}{subsection.4.13.1}% 113
\BOOKMARK [3][-]{subsubsection.4.13.1.2}{\376\377\0004\000.\0001\0003\000.\0001\000.\0002\000\040\000s\000e\000t\000S\000t\000a\000t\000e\000\050\000\051}{subsection.4.13.1}% 114
\BOOKMARK [3][-]{subsubsection.4.13.1.3}{\376\377\0004\000.\0001\0003\000.\0001\000.\0003\000\040\000u\000p\000d\000a\000t\000e\000\050\000\051}{subsection.4.13.1}% 115
\BOOKMARK [0][-]{chapter.5}{\376\377\0005\000\040\000F\000i\000l\000e\000\040\000D\000o\000c\000u\000m\000e\000n\000t\000a\000t\000i\000o\000n}{}% 116
\BOOKMARK [1][-]{section.5.1}{\376\377\0005\000.\0001\000\040\000C\000o\000m\000m\000a\000n\000d\000s\000.\000h\000p\000p\000\040\000F\000i\000l\000e\000\040\000R\000e\000f\000e\000r\000e\000n\000c\000e}{chapter.5}% 117
\BOOKMARK [2][-]{subsection.5.1.1}{\376\377\0005\000.\0001\000.\0001\000\040\000E\000n\000u\000m\000e\000r\000a\000t\000i\000o\000n\000\040\000T\000y\000p\000e\000\040\000D\000o\000c\000u\000m\000e\000n\000t\000a\000t\000i\000o\000n}{section.5.1}% 118
\BOOKMARK [3][-]{subsubsection.5.1.1.1}{\376\377\0005\000.\0001\000.\0001\000.\0001\000\040\000C\000o\000m\000m\000a\000n\000d}{subsection.5.1.1}% 119
\BOOKMARK [1][-]{section.5.2}{\376\377\0005\000.\0002\000\040\000C\000o\000m\000m\000a\000n\000d\000s\000.\000h\000p\000p}{chapter.5}% 120
\BOOKMARK [1][-]{section.5.3}{\376\377\0005\000.\0003\000\040\000C\000o\000n\000t\000r\000o\000l\000l\000e\000r\000S\000t\000a\000t\000e\000.\000h\000p\000p\000\040\000F\000i\000l\000e\000\040\000R\000e\000f\000e\000r\000e\000n\000c\000e}{chapter.5}% 121
\BOOKMARK [1][-]{section.5.4}{\376\377\0005\000.\0004\000\040\000C\000o\000n\000t\000r\000o\000l\000l\000e\000r\000S\000t\000a\000t\000e\000.\000h\000p\000p}{chapter.5}% 122
\BOOKMARK [1][-]{section.5.5}{\376\377\0005\000.\0005\000\040\000C\000o\000n\000t\000r\000o\000l\000P\000i\000n\000s\000.\000h\000p\000p\000\040\000F\000i\000l\000e\000\040\000R\000e\000f\000e\000r\000e\000n\000c\000e}{chapter.5}% 123
\BOOKMARK [1][-]{section.5.6}{\376\377\0005\000.\0006\000\040\000C\000o\000n\000t\000r\000o\000l\000P\000i\000n\000s\000.\000h\000p\000p}{chapter.5}% 124
\BOOKMARK [1][-]{section.5.7}{\376\377\0005\000.\0007\000\040\000C\000u\000r\000r\000e\000n\000t\000S\000e\000n\000s\000e\000.\000h\000p\000p\000\040\000F\000i\000l\000e\000\040\000R\000e\000f\000e\000r\000e\000n\000c\000e}{chapter.5}% 125
\BOOKMARK [1][-]{section.5.8}{\376\377\0005\000.\0008\000\040\000C\000u\000r\000r\000e\000n\000t\000S\000e\000n\000s\000e\000.\000h\000p\000p}{chapter.5}% 126
\BOOKMARK [1][-]{section.5.9}{\376\377\0005\000.\0009\000\040\000d\000e\000f\000s\000.\000h\000p\000p\000\040\000F\000i\000l\000e\000\040\000R\000e\000f\000e\000r\000e\000n\000c\000e}{chapter.5}% 127
\BOOKMARK [2][-]{subsection.5.9.1}{\376\377\0005\000.\0009\000.\0001\000\040\000V\000a\000r\000i\000a\000b\000l\000e\000\040\000D\000o\000c\000u\000m\000e\000n\000t\000a\000t\000i\000o\000n}{section.5.9}% 128
\BOOKMARK [3][-]{subsubsection.5.9.1.1}{\376\377\0005\000.\0009\000.\0001\000.\0001\000\040\000A\000D\000C\000\137\000L\000O\000G\000I\000C\000\137\000V\000O\000L\000T\000A\000G\000E}{subsection.5.9.1}% 129
\BOOKMARK [3][-]{subsubsection.5.9.1.2}{\376\377\0005\000.\0009\000.\0001\000.\0002\000\040\000C\000U\000R\000R\000E\000N\000T\000\137\000I\000N\000C\000R\000E\000A\000S\000E\000\137\000M\000U\000L\000T\000I\000P\000L\000I\000E\000R}{subsection.5.9.1}% 130
\BOOKMARK [3][-]{subsubsection.5.9.1.3}{\376\377\0005\000.\0009\000.\0001\000.\0003\000\040\000M\000O\000T\000O\000R\000\137\000E\000N\000D\000\137\000O\000F\000\137\000R\000A\000N\000G\000E\000\137\000S\000P\000E\000E\000D\000\137\000D\000E\000L\000T\000A}{subsection.5.9.1}% 131
\BOOKMARK [3][-]{subsubsection.5.9.1.4}{\376\377\0005\000.\0009\000.\0001\000.\0004\000\040\000s\000a\000v\000e\000\137\000p\000o\000s\000i\000t\000i\000o\000n\000\137\000s\000l\000o\000t\000\137\000n\000a\000m\000e\000s}{subsection.5.9.1}% 132
\BOOKMARK [3][-]{subsubsection.5.9.1.5}{\376\377\0005\000.\0009\000.\0001\000.\0005\000\040\000S\000O\000F\000T\000\137\000M\000O\000V\000E\000M\000E\000N\000T\000\137\000P\000W\000M\000\137\000U\000P\000D\000A\000T\000E\000\137\000I\000N\000T\000E\000R\000V\000A\000L\000\137\000M\000I\000C\000R\000O\000S}{subsection.5.9.1}% 133
\BOOKMARK [3][-]{subsubsection.5.9.1.6}{\376\377\0005\000.\0009\000.\0001\000.\0006\000\040\000S\000O\000F\000T\000\137\000M\000O\000V\000E\000M\000E\000N\000T\000\137\000U\000P\000D\000A\000T\000E\000\137\000S\000T\000E\000P\000S}{subsection.5.9.1}% 134
\BOOKMARK [1][-]{section.5.10}{\376\377\0005\000.\0001\0000\000\040\000d\000e\000f\000s\000.\000h\000p\000p}{chapter.5}% 135
\BOOKMARK [1][-]{section.5.11}{\376\377\0005\000.\0001\0001\000\040\000D\000i\000r\000e\000c\000t\000i\000o\000n\000.\000h\000p\000p\000\040\000F\000i\000l\000e\000\040\000R\000e\000f\000e\000r\000e\000n\000c\000e}{chapter.5}% 136
\BOOKMARK [2][-]{subsection.5.11.1}{\376\377\0005\000.\0001\0001\000.\0001\000\040\000E\000n\000u\000m\000e\000r\000a\000t\000i\000o\000n\000\040\000T\000y\000p\000e\000\040\000D\000o\000c\000u\000m\000e\000n\000t\000a\000t\000i\000o\000n}{section.5.11}% 137
\BOOKMARK [3][-]{subsubsection.5.11.1.1}{\376\377\0005\000.\0001\0001\000.\0001\000.\0001\000\040\000D\000i\000r\000e\000c\000t\000i\000o\000n}{subsection.5.11.1}% 138
\BOOKMARK [1][-]{section.5.12}{\376\377\0005\000.\0001\0002\000\040\000D\000i\000r\000e\000c\000t\000i\000o\000n\000.\000h\000p\000p}{chapter.5}% 139
\BOOKMARK [1][-]{section.5.13}{\376\377\0005\000.\0001\0003\000\040\000E\000M\000A\000.\000h\000p\000p}{chapter.5}% 140
\BOOKMARK [1][-]{section.5.14}{\376\377\0005\000.\0001\0004\000\040\000M\000o\000t\000o\000r\000.\000h\000p\000p\000\040\000F\000i\000l\000e\000\040\000R\000e\000f\000e\000r\000e\000n\000c\000e}{chapter.5}% 141
\BOOKMARK [2][-]{subsection.5.14.1}{\376\377\0005\000.\0001\0004\000.\0001\000\040\000M\000a\000c\000r\000o\000\040\000D\000e\000f\000i\000n\000i\000t\000i\000o\000n\000\040\000D\000o\000c\000u\000m\000e\000n\000t\000a\000t\000i\000o\000n}{section.5.14}% 142
\BOOKMARK [3][-]{subsubsection.5.14.1.1}{\376\377\0005\000.\0001\0004\000.\0001\000.\0001\000\040\000M\000O\000V\000E\000\137\000T\000O\000\137\000P\000O\000S}{subsection.5.14.1}% 143
\BOOKMARK [1][-]{section.5.15}{\376\377\0005\000.\0001\0005\000\040\000M\000o\000t\000o\000r\000.\000h\000p\000p}{chapter.5}% 144
\BOOKMARK [1][-]{section.5.16}{\376\377\0005\000.\0001\0006\000\040\000M\000o\000t\000o\000r\000C\000o\000n\000t\000r\000o\000l\000l\000e\000r\000.\000h\000p\000p\000\040\000F\000i\000l\000e\000\040\000R\000e\000f\000e\000r\000e\000n\000c\000e}{chapter.5}% 145
\BOOKMARK [2][-]{subsection.5.16.1}{\376\377\0005\000.\0001\0006\000.\0001\000\040\000M\000a\000c\000r\000o\000\040\000D\000e\000f\000i\000n\000i\000t\000i\000o\000n\000\040\000D\000o\000c\000u\000m\000e\000n\000t\000a\000t\000i\000o\000n}{section.5.16}% 146
\BOOKMARK [3][-]{subsubsection.5.16.1.1}{\376\377\0005\000.\0001\0006\000.\0001\000.\0001\000\040\000A\000L\000L\000\137\000M\000O\000T\000O\000R\000S}{subsection.5.16.1}% 147
\BOOKMARK [3][-]{subsubsection.5.16.1.2}{\376\377\0005\000.\0001\0006\000.\0001\000.\0002\000\040\000S\000E\000R\000I\000A\000L\000\137\000S\000A\000V\000E\000\137\000P\000O\000S\000I\000T\000I\000O\000N}{subsection.5.16.1}% 148
\BOOKMARK [1][-]{section.5.17}{\376\377\0005\000.\0001\0007\000\040\000M\000o\000t\000o\000r\000C\000o\000n\000t\000r\000o\000l\000l\000e\000r\000.\000h\000p\000p}{chapter.5}% 149
\BOOKMARK [1][-]{section.5.18}{\376\377\0005\000.\0001\0008\000\040\000M\000o\000t\000o\000r\000P\000i\000n\000s\000.\000h\000p\000p\000\040\000F\000i\000l\000e\000\040\000R\000e\000f\000e\000r\000e\000n\000c\000e}{chapter.5}% 150
\BOOKMARK [2][-]{subsection.5.18.1}{\376\377\0005\000.\0001\0008\000.\0001\000\040\000E\000n\000u\000m\000e\000r\000a\000t\000i\000o\000n\000\040\000T\000y\000p\000e\000\040\000D\000o\000c\000u\000m\000e\000n\000t\000a\000t\000i\000o\000n}{section.5.18}% 151
\BOOKMARK [3][-]{subsubsection.5.18.1.1}{\376\377\0005\000.\0001\0008\000.\0001\000.\0001\000\040\000M\000o\000t\000o\000r\000P\000i\000n}{subsection.5.18.1}% 152
\BOOKMARK [1][-]{section.5.19}{\376\377\0005\000.\0001\0009\000\040\000M\000o\000t\000o\000r\000P\000i\000n\000s\000.\000h\000p\000p}{chapter.5}% 153
\BOOKMARK [1][-]{section.5.20}{\376\377\0005\000.\0002\0000\000\040\000M\000o\000t\000o\000r\000s\000S\000o\000f\000t\000M\000o\000v\000e\000m\000e\000n\000t\000S\000t\000a\000t\000e\000.\000h\000p\000p\000\040\000F\000i\000l\000e\000\040\000R\000e\000f\000e\000r\000e\000n\000c\000e}{chapter.5}% 154
\BOOKMARK [1][-]{section.5.21}{\376\377\0005\000.\0002\0001\000\040\000M\000o\000t\000o\000r\000s\000S\000o\000f\000t\000M\000o\000v\000e\000m\000e\000n\000t\000S\000t\000a\000t\000e\000.\000h\000p\000p}{chapter.5}% 155
\BOOKMARK [1][-]{section.5.22}{\376\377\0005\000.\0002\0002\000\040\000M\000o\000t\000o\000r\000s\000S\000t\000a\000r\000t\000i\000n\000g\000S\000t\000a\000t\000e\000.\000h\000p\000p\000\040\000F\000i\000l\000e\000\040\000R\000e\000f\000e\000r\000e\000n\000c\000e}{chapter.5}% 156
\BOOKMARK [1][-]{section.5.23}{\376\377\0005\000.\0002\0003\000\040\000M\000o\000t\000o\000r\000s\000S\000t\000a\000r\000t\000i\000n\000g\000S\000t\000a\000t\000e\000.\000h\000p\000p}{chapter.5}% 157
\BOOKMARK [1][-]{section.5.24}{\376\377\0005\000.\0002\0004\000\040\000M\000o\000t\000o\000r\000s\000S\000t\000o\000p\000p\000e\000d\000S\000t\000a\000t\000e\000.\000h\000p\000p\000\040\000F\000i\000l\000e\000\040\000R\000e\000f\000e\000r\000e\000n\000c\000e}{chapter.5}% 158
\BOOKMARK [1][-]{section.5.25}{\376\377\0005\000.\0002\0005\000\040\000M\000o\000t\000o\000r\000s\000S\000t\000o\000p\000p\000e\000d\000S\000t\000a\000t\000e\000.\000h\000p\000p}{chapter.5}% 159
\BOOKMARK [1][-]{section.5.26}{\376\377\0005\000.\0002\0006\000\040\000P\000I\000D\000C\000o\000n\000t\000r\000o\000l\000l\000e\000r\000.\000h\000p\000p}{chapter.5}% 160
\BOOKMARK [1][-]{section.5.27}{\376\377\0005\000.\0002\0007\000\040\000P\000i\000n\000M\000a\000c\000r\000o\000s\000.\000h\000p\000p\000\040\000F\000i\000l\000e\000\040\000R\000e\000f\000e\000r\000e\000n\000c\000e}{chapter.5}% 161
\BOOKMARK [2][-]{subsection.5.27.1}{\376\377\0005\000.\0002\0007\000.\0001\000\040\000F\000u\000n\000c\000t\000i\000o\000n\000\040\000D\000o\000c\000u\000m\000e\000n\000t\000a\000t\000i\000o\000n}{section.5.27}% 162
\BOOKMARK [3][-]{subsubsection.5.27.1.1}{\376\377\0005\000.\0002\0007\000.\0001\000.\0001\000\040\000f\000m\000a\000p\000\050\000\051}{subsection.5.27.1}% 163
\BOOKMARK [1][-]{section.5.28}{\376\377\0005\000.\0002\0008\000\040\000P\000i\000n\000M\000a\000c\000r\000o\000s\000.\000h\000p\000p}{chapter.5}% 164
\BOOKMARK [1][-]{section.5.29}{\376\377\0005\000.\0002\0009\000\040\000P\000o\000t\000e\000n\000t\000i\000o\000m\000e\000t\000e\000r\000P\000i\000n\000s\000.\000h\000p\000p\000\040\000F\000i\000l\000e\000\040\000R\000e\000f\000e\000r\000e\000n\000c\000e}{chapter.5}% 165
\BOOKMARK [2][-]{subsection.5.29.1}{\376\377\0005\000.\0002\0009\000.\0001\000\040\000E\000n\000u\000m\000e\000r\000a\000t\000i\000o\000n\000\040\000T\000y\000p\000e\000\040\000D\000o\000c\000u\000m\000e\000n\000t\000a\000t\000i\000o\000n}{section.5.29}% 166
\BOOKMARK [3][-]{subsubsection.5.29.1.1}{\376\377\0005\000.\0002\0009\000.\0001\000.\0001\000\040\000P\000o\000t\000e\000n\000t\000i\000o\000m\000e\000t\000e\000r\000P\000i\000n\000s}{subsection.5.29.1}% 167
\BOOKMARK [1][-]{section.5.30}{\376\377\0005\000.\0003\0000\000\040\000P\000o\000t\000e\000n\000t\000i\000o\000m\000e\000t\000e\000r\000P\000i\000n\000s\000.\000h\000p\000p}{chapter.5}% 168
\BOOKMARK [1][-]{section.5.31}{\376\377\0005\000.\0003\0001\000\040\000R\000o\000u\000t\000e\000M\000a\000c\000r\000o\000s\000.\000h\000p\000p\000\040\000F\000i\000l\000e\000\040\000R\000e\000f\000e\000r\000e\000n\000c\000e}{chapter.5}% 169
\BOOKMARK [2][-]{subsection.5.31.1}{\376\377\0005\000.\0003\0001\000.\0001\000\040\000M\000a\000c\000r\000o\000\040\000D\000e\000f\000i\000n\000i\000t\000i\000o\000n\000\040\000D\000o\000c\000u\000m\000e\000n\000t\000a\000t\000i\000o\000n}{section.5.31}% 170
\BOOKMARK [3][-]{subsubsection.5.31.1.1}{\376\377\0005\000.\0003\0001\000.\0001\000.\0001\000\040\000L\000O\000A\000D\000\137\000S\000A\000V\000E\000D\000\137\000P\000O\000S\000I\000T\000I\000O\000N}{subsection.5.31.1}% 171
\BOOKMARK [3][-]{subsubsection.5.31.1.2}{\376\377\0005\000.\0003\0001\000.\0001\000.\0002\000\040\000M\000O\000T\000O\000R\000\137\000C\000O\000M\000M\000A\000N\000D}{subsection.5.31.1}% 172
\BOOKMARK [3][-]{subsubsection.5.31.1.3}{\376\377\0005\000.\0003\0001\000.\0001\000.\0003\000\040\000S\000E\000T\000\137\000P\000O\000S\000\137\000H\000A\000N\000D\000L\000E\000R}{subsection.5.31.1}% 173
\BOOKMARK [3][-]{subsubsection.5.31.1.4}{\376\377\0005\000.\0003\0001\000.\0001\000.\0004\000\040\000S\000E\000T\000\137\000T\000I\000L\000T}{subsection.5.31.1}% 174
\BOOKMARK [1][-]{section.5.32}{\376\377\0005\000.\0003\0002\000\040\000R\000o\000u\000t\000e\000M\000a\000c\000r\000o\000s\000.\000h\000p\000p}{chapter.5}% 175
\BOOKMARK [1][-]{section.5.33}{\376\377\0005\000.\0003\0003\000\040\000S\000t\000a\000t\000e\000C\000o\000n\000t\000r\000o\000l\000l\000e\000r\000.\000h\000p\000p}{chapter.5}% 176
\BOOKMARK [0][-]{section*.50}{\376\377\000I\000n\000d\000e\000x}{}% 177
